<?xml version="1.0" encoding="UTF-8"?>
<!-- Generated by org.testng.reporters.JUnitReportReporter -->
<testsuite hostname="DESKTOP-HGMSAGS" failures="0" tests="9" name="test.Test_09_COD_WA_Reply_RA_Cancel_Order" time="431.724" errors="1" timestamp="2024-12-27T20:49:07 IST" skipped="0">
  <testcase classname="test.Test_09_COD_WA_Reply_RA_Cancel_Order" name="closeBrowser" time="100.470">
    <error message="reportSS\reportSS_.png (The system cannot find the path specified)" type="java.io.FileNotFoundException">
      <![CDATA[java.io.FileNotFoundException: reportSS\reportSS_.png (The system cannot find the path specified)
at java.base/java.io.FileOutputStream.open0(Native Method)
at java.base/java.io.FileOutputStream.open(FileOutputStream.java:293)
at java.base/java.io.FileOutputStream.<init>(FileOutputStream.java:235)
at com.google.common.io.Files$FileByteSink.openStream(Files.java:197)
at com.google.common.io.Files$FileByteSink.openStream(Files.java:185)
at com.google.common.io.ByteSource.copyTo(ByteSource.java:279)
at com.google.common.io.Files.copy(Files.java:328)
at generic.Listener.generateReport(Listener.java:301)
at generic.BaseTest.openReport(BaseTest.java:73)
at generic.BaseTest.closeBrowser(BaseTest.java:78)
at java.base/jdk.internal.reflect.NativeMethodAccessorImpl.invoke0(Native Method)
at java.base/jdk.internal.reflect.NativeMethodAccessorImpl.invoke(NativeMethodAccessorImpl.java:77)
at java.base/jdk.internal.reflect.DelegatingMethodAccessorImpl.invoke(DelegatingMethodAccessorImpl.java:43)
at java.base/java.lang.reflect.Method.invoke(Method.java:568)
at org.testng.internal.invokers.MethodInvocationHelper.invokeMethod(MethodInvocationHelper.java:141)
at org.testng.internal.invokers.MethodInvocationHelper.invokeMethodConsideringTimeout(MethodInvocationHelper.java:71)
at org.testng.internal.invokers.ConfigInvoker.invokeConfigurationMethod(ConfigInvoker.java:400)
at org.testng.internal.invokers.ConfigInvoker.invokeConfigurations(ConfigInvoker.java:333)
at org.testng.internal.invokers.TestMethodWorker.invokeAfterClassConfigurations(TestMethodWorker.java:238)
at org.testng.internal.invokers.TestMethodWorker.invokeAfterClassMethods(TestMethodWorker.java:223)
at org.testng.internal.invokers.TestMethodWorker.run(TestMethodWorker.java:137)
at java.base/java.util.ArrayList.forEach(ArrayList.java:1511)
at org.testng.TestRunner.privateRun(TestRunner.java:739)
at org.testng.TestRunner.run(TestRunner.java:614)
at org.testng.SuiteRunner.runTest(SuiteRunner.java:421)
at org.testng.SuiteRunner.runSequentially(SuiteRunner.java:413)
at org.testng.SuiteRunner.privateRun(SuiteRunner.java:373)
at org.testng.SuiteRunner.run(SuiteRunner.java:312)
at org.testng.SuiteRunnerWorker.runSuite(SuiteRunnerWorker.java:52)
at org.testng.SuiteRunnerWorker.run(SuiteRunnerWorker.java:95)
at org.testng.TestNG.runSuitesSequentially(TestNG.java:1274)
at org.testng.TestNG.runSuitesLocally(TestNG.java:1208)
at org.testng.TestNG.runSuites(TestNG.java:1112)
at org.testng.TestNG.run(TestNG.java:1079)
at org.testng.remote.AbstractRemoteTestNG.run(AbstractRemoteTestNG.java:115)
at org.testng.remote.RemoteTestNG.initAndRun(RemoteTestNG.java:293)
at org.testng.remote.RemoteTestNG.main(RemoteTestNG.java:91)
]]>
    </error>
  </testcase> <!-- closeBrowser -->
  <testcase classname="test.Test_09_COD_WA_Reply_RA_Cancel_Order" name="verifyEmailTextboxAndPasswordTest" time="2.018"/>
  <testcase classname="test.Test_09_COD_WA_Reply_RA_Cancel_Order" name="verifySignInTest" time="3.352"/>
  <testcase classname="test.Test_09_COD_WA_Reply_RA_Cancel_Order" name="verifyDashboardTest" time="7.575"/>
  <testcase classname="test.Test_09_COD_WA_Reply_RA_Cancel_Order" name="verifyClientDashboardTest" time="7.547"/>
  <testcase classname="test.Test_09_COD_WA_Reply_RA_Cancel_Order" name="verifyCompanyNameTest" time="4.568"/>
  <testcase classname="test.Test_09_COD_WA_Reply_RA_Cancel_Order" name="verifyViewAsDashboardTest" time="11.810"/>
  <testcase classname="test.Test_09_COD_WA_Reply_RA_Cancel_Order" name="verifyOrderCloneTest" time="3.001"/>
  <testcase classname="test.Test_09_COD_WA_Reply_RA_Cancel_Order" name="verifyMsgReceivedTest" time="291.383"/>
</testsuite> <!-- test.Test_09_COD_WA_Reply_RA_Cancel_Order -->
